[2020-08-29 10:30:16] BigCommerce.INFO: Starting import [] []
[2020-08-29 10:30:31] BigCommerce.INFO: Running import task {"state":"started","description":"Fetching store information"} []
[2020-08-29 10:30:31] BigCommerce.DEBUG: Requesting store settings [] []
[2020-08-29 10:30:32] BigCommerce.DEBUG: Retrieved store settings {"settings":{"bigcommerce_domain":"inspiry.mybigcommerce.com","bigcommerce_currency_code":"NZD","bigcommerce_currency_symbol":"$","bigcommerce_currency_symbol_position":"left","bigcommerce_decimal_units":2,"bigcommerce_integer_units":3,"bigcommerce_mass_unit":"kg","bigcommerce_length_unit":"cm","bigcommerce_wishlists_enabled":1,"bigcommerce_facebook_pixel_id":"","bigcommerce_google_analytics_id":""}} []
[2020-08-29 10:30:41] BigCommerce.INFO: Running import task {"state":"fetched_store","description":"Retrieving currency settings"} []
[2020-08-29 10:30:41] BigCommerce.DEBUG: Requesting currency settings [] []
[2020-08-29 10:31:05] BigCommerce.INFO: Running import task {"state":"fetched_currencies","description":"Removing Categories"} []
[2020-08-29 10:31:05] BigCommerce.DEBUG: Removing deleted terms for bigcommerce_category taxonomy {"page":1,"limit":50,"taxonomy":"bigcommerce_category"} []
[2020-08-29 10:31:11] BigCommerce.INFO: Running import task {"state":"purged_categories","description":"Removing Brands"} []
[2020-08-29 10:31:11] BigCommerce.DEBUG: Removing deleted terms for bigcommerce_brand taxonomy {"page":1,"limit":50,"taxonomy":"bigcommerce_brand"} []
[2020-08-29 10:31:25] BigCommerce.INFO: Running import task {"state":"purged_brands","description":"Updating Categories"} []
[2020-08-29 10:31:25] BigCommerce.DEBUG: Importing terms for bigcommerce_category taxonomy {"page":1,"limit":5,"taxonomy":"bigcommerce_category"} []
[2020-08-29 10:31:30] BigCommerce.INFO: Running import task {"state":"updated_categories","description":"Updating Brands"} []
[2020-08-29 10:31:30] BigCommerce.DEBUG: Importing terms for bigcommerce_brand taxonomy {"page":1,"limit":5,"taxonomy":"bigcommerce_brand"} []
[2020-08-29 10:31:33] BigCommerce.INFO: Running import task {"state":"updated_brands","description":"Regenerating Product Images"} []
[2020-08-29 10:31:33] BigCommerce.DEBUG: No images found requiring regeneration [] []
[2020-08-29 10:31:36] BigCommerce.INFO: Running import task {"state":"resized_images","description":"Fetching existing listings from the BigCommerce API for channel Inspiry"} []
[2020-08-29 10:31:36] BigCommerce.DEBUG: Retrieving listings {"limit":50,"after":null} []
[2020-08-29 10:31:37] BigCommerce.DEBUG: Ready for next page of listings {"next":493324371} []
[2020-08-29 10:31:39] BigCommerce.INFO: Running import task {"state":"fetching_listings-2","description":"Fetching existing listings from the BigCommerce API for channel Inspiry"} []
[2020-08-29 10:31:39] BigCommerce.DEBUG: Retrieving listings {"limit":50,"after":493324371} []
[2020-08-29 10:31:40] BigCommerce.DEBUG: Ready for next page of listings {"next":493324520} []
[2020-08-29 10:31:46] BigCommerce.INFO: Running import task {"state":"fetching_listings-2","description":"Fetching existing listings from the BigCommerce API for channel Inspiry"} []
[2020-08-29 10:31:46] BigCommerce.DEBUG: Retrieving listings {"limit":50,"after":493324520} []
[2020-08-29 10:31:49] BigCommerce.INFO: Running import task {"state":"fetched_listings-2","description":"Adding listings to channel Inspiry"} []
[2020-08-29 10:31:49] BigCommerce.DEBUG: Retrieving products {"limit":50,"page":1} []
[2020-08-29 10:31:51] BigCommerce.DEBUG: Product already linked to channel. Skipping. {"product_id":112,"channel_id":"390543"} []
[2020-08-29 10:31:51] BigCommerce.DEBUG: Product already linked to channel. Skipping. {"product_id":113,"channel_id":"390543"} []
[2020-08-29 10:31:51] BigCommerce.DEBUG: Product already linked to channel. Skipping. {"product_id":114,"channel_id":"390543"} []
[2020-08-29 10:31:51] BigCommerce.DEBUG: Product already linked to channel. Skipping. {"product_id":115,"channel_id":"390543"} []
[2020-08-29 10:31:51] BigCommerce.DEBUG: Product already linked to channel. Skipping. {"product_id":116,"channel_id":"390543"} []
[2020-08-29 10:31:51] BigCommerce.DEBUG: Product already linked to channel. Skipping. {"product_id":117,"channel_id":"390543"} []
[2020-08-29 10:31:51] BigCommerce.DEBUG: Product already linked to channel. Skipping. {"product_id":118,"channel_id":"390543"} []
[2020-08-29 10:31:51] BigCommerce.DEBUG: Product already linked to channel. Skipping. {"product_id":119,"channel_id":"390543"} []
[2020-08-29 10:31:51] BigCommerce.DEBUG: Product already linked to channel. Skipping. {"product_id":120,"channel_id":"390543"} []
[2020-08-29 10:31:51] BigCommerce.DEBUG: Product already linked to channel. Skipping. {"product_id":121,"channel_id":"390543"} []
[2020-08-29 10:31:51] BigCommerce.DEBUG: Product already linked to channel. Skipping. {"product_id":122,"channel_id":"390543"} []
[2020-08-29 10:31:51] BigCommerce.DEBUG: Product already linked to channel. Skipping. {"product_id":123,"channel_id":"390543"} []
[2020-08-29 10:31:51] BigCommerce.DEBUG: Product already linked to channel. Skipping. {"product_id":124,"channel_id":"390543"} []
[2020-08-29 10:31:51] BigCommerce.DEBUG: Product already linked to channel. Skipping. {"product_id":125,"channel_id":"390543"} []
[2020-08-29 10:31:51] BigCommerce.DEBUG: Product already linked to channel. Skipping. {"product_id":126,"channel_id":"390543"} []
[2020-08-29 10:31:51] BigCommerce.DEBUG: Product already linked to channel. Skipping. {"product_id":127,"channel_id":"390543"} []
[2020-08-29 10:31:51] BigCommerce.DEBUG: Product already linked to channel. Skipping. {"product_id":128,"channel_id":"390543"} []
[2020-08-29 10:31:51] BigCommerce.DEBUG: Product already linked to channel. Skipping. {"product_id":129,"channel_id":"390543"} []
[2020-08-29 10:31:51] BigCommerce.DEBUG: Product already linked to channel. Skipping. {"product_id":130,"channel_id":"390543"} []
[2020-08-29 10:31:51] BigCommerce.DEBUG: Product already linked to channel. Skipping. {"product_id":131,"channel_id":"390543"} []
[2020-08-29 10:31:51] BigCommerce.DEBUG: Product already linked to channel. Skipping. {"product_id":132,"channel_id":"390543"} []
[2020-08-29 10:31:51] BigCommerce.DEBUG: Product already linked to channel. Skipping. {"product_id":133,"channel_id":"390543"} []
[2020-08-29 10:31:51] BigCommerce.DEBUG: Product already linked to channel. Skipping. {"product_id":134,"channel_id":"390543"} []
[2020-08-29 10:31:51] BigCommerce.DEBUG: Product already linked to channel. Skipping. {"product_id":135,"channel_id":"390543"} []
[2020-08-29 10:31:51] BigCommerce.DEBUG: Product already linked to channel. Skipping. {"product_id":136,"channel_id":"390543"} []
[2020-08-29 10:31:51] BigCommerce.DEBUG: Product already linked to channel. Skipping. {"product_id":137,"channel_id":"390543"} []
[2020-08-29 10:31:51] BigCommerce.DEBUG: Product already linked to channel. Skipping. {"product_id":138,"channel_id":"390543"} []
[2020-08-29 10:31:51] BigCommerce.DEBUG: Product already linked to channel. Skipping. {"product_id":139,"channel_id":"390543"} []
[2020-08-29 10:31:51] BigCommerce.DEBUG: Product already linked to channel. Skipping. {"product_id":140,"channel_id":"390543"} []
[2020-08-29 10:31:51] BigCommerce.DEBUG: Product already linked to channel. Skipping. {"product_id":141,"channel_id":"390543"} []
[2020-08-29 10:31:51] BigCommerce.DEBUG: Product already linked to channel. Skipping. {"product_id":142,"channel_id":"390543"} []
[2020-08-29 10:31:51] BigCommerce.DEBUG: Product already linked to channel. Skipping. {"product_id":143,"channel_id":"390543"} []
[2020-08-29 10:31:51] BigCommerce.DEBUG: Product already linked to channel. Skipping. {"product_id":144,"channel_id":"390543"} []
[2020-08-29 10:31:51] BigCommerce.DEBUG: Product already linked to channel. Skipping. {"product_id":145,"channel_id":"390543"} []
[2020-08-29 10:31:51] BigCommerce.DEBUG: Product already linked to channel. Skipping. {"product_id":146,"channel_id":"390543"} []
[2020-08-29 10:31:51] BigCommerce.DEBUG: Product already linked to channel. Skipping. {"product_id":147,"channel_id":"390543"} []
[2020-08-29 10:31:51] BigCommerce.DEBUG: Product already linked to channel. Skipping. {"product_id":148,"channel_id":"390543"} []
[2020-08-29 10:31:51] BigCommerce.DEBUG: Product already linked to channel. Skipping. {"product_id":149,"channel_id":"390543"} []
[2020-08-29 10:31:51] BigCommerce.DEBUG: Product already linked to channel. Skipping. {"product_id":150,"channel_id":"390543"} []
[2020-08-29 10:31:51] BigCommerce.DEBUG: Product already linked to channel. Skipping. {"product_id":151,"channel_id":"390543"} []
[2020-08-29 10:31:51] BigCommerce.DEBUG: Product already linked to channel. Skipping. {"product_id":152,"channel_id":"390543"} []
[2020-08-29 10:31:51] BigCommerce.DEBUG: Product already linked to channel. Skipping. {"product_id":153,"channel_id":"390543"} []
[2020-08-29 10:31:51] BigCommerce.DEBUG: Product already linked to channel. Skipping. {"product_id":154,"channel_id":"390543"} []
[2020-08-29 10:31:51] BigCommerce.DEBUG: Product already linked to channel. Skipping. {"product_id":155,"channel_id":"390543"} []
[2020-08-29 10:31:51] BigCommerce.DEBUG: Product already linked to channel. Skipping. {"product_id":156,"channel_id":"390543"} []
[2020-08-29 10:31:51] BigCommerce.DEBUG: Product already linked to channel. Skipping. {"product_id":157,"channel_id":"390543"} []
[2020-08-29 10:31:51] BigCommerce.DEBUG: Product already linked to channel. Skipping. {"product_id":158,"channel_id":"390543"} []
[2020-08-29 10:31:51] BigCommerce.DEBUG: Product already linked to channel. Skipping. {"product_id":159,"channel_id":"390543"} []
[2020-08-29 10:31:51] BigCommerce.DEBUG: Product already linked to channel. Skipping. {"product_id":160,"channel_id":"390543"} []
[2020-08-29 10:31:51] BigCommerce.DEBUG: Product already linked to channel. Skipping. {"product_id":161,"channel_id":"390543"} []
[2020-08-29 10:31:51] BigCommerce.DEBUG: Channel initialization ready for next page of products {"next":2} []
[2020-08-29 10:31:52] BigCommerce.INFO: Running import task {"state":"initializing_channel-2","description":"Adding listings to channel Inspiry"} []
[2020-08-29 10:31:52] BigCommerce.DEBUG: Retrieving products {"limit":50,"page":2} []
[2020-08-29 10:31:53] BigCommerce.DEBUG: Product already linked to channel. Skipping. {"product_id":162,"channel_id":"390543"} []
[2020-08-29 10:31:53] BigCommerce.DEBUG: Product already linked to channel. Skipping. {"product_id":163,"channel_id":"390543"} []
[2020-08-29 10:31:53] BigCommerce.DEBUG: Product already linked to channel. Skipping. {"product_id":164,"channel_id":"390543"} []
[2020-08-29 10:31:53] BigCommerce.DEBUG: Product already linked to channel. Skipping. {"product_id":165,"channel_id":"390543"} []
[2020-08-29 10:31:53] BigCommerce.DEBUG: Product already linked to channel. Skipping. {"product_id":166,"channel_id":"390543"} []
[2020-08-29 10:31:53] BigCommerce.DEBUG: Product already linked to channel. Skipping. {"product_id":167,"channel_id":"390543"} []
[2020-08-29 10:31:53] BigCommerce.DEBUG: Product already linked to channel. Skipping. {"product_id":168,"channel_id":"390543"} []
[2020-08-29 10:31:53] BigCommerce.DEBUG: Product already linked to channel. Skipping. {"product_id":169,"channel_id":"390543"} []
[2020-08-29 10:31:53] BigCommerce.DEBUG: Product already linked to channel. Skipping. {"product_id":170,"channel_id":"390543"} []
[2020-08-29 10:31:53] BigCommerce.DEBUG: Product already linked to channel. Skipping. {"product_id":171,"channel_id":"390543"} []
[2020-08-29 10:31:53] BigCommerce.DEBUG: Product already linked to channel. Skipping. {"product_id":172,"channel_id":"390543"} []
[2020-08-29 10:31:53] BigCommerce.DEBUG: Product already linked to channel. Skipping. {"product_id":173,"channel_id":"390543"} []
[2020-08-29 10:31:53] BigCommerce.DEBUG: Product already linked to channel. Skipping. {"product_id":174,"channel_id":"390543"} []
[2020-08-29 10:31:53] BigCommerce.DEBUG: Product already linked to channel. Skipping. {"product_id":175,"channel_id":"390543"} []
[2020-08-29 10:31:53] BigCommerce.DEBUG: Product already linked to channel. Skipping. {"product_id":176,"channel_id":"390543"} []
[2020-08-29 10:31:53] BigCommerce.DEBUG: Product already linked to channel. Skipping. {"product_id":177,"channel_id":"390543"} []
[2020-08-29 10:31:53] BigCommerce.DEBUG: Product already linked to channel. Skipping. {"product_id":178,"channel_id":"390543"} []
[2020-08-29 10:31:53] BigCommerce.DEBUG: Product already linked to channel. Skipping. {"product_id":179,"channel_id":"390543"} []
[2020-08-29 10:31:53] BigCommerce.DEBUG: Product already linked to channel. Skipping. {"product_id":180,"channel_id":"390543"} []
[2020-08-29 10:31:53] BigCommerce.DEBUG: Product already linked to channel. Skipping. {"product_id":181,"channel_id":"390543"} []
[2020-08-29 10:31:53] BigCommerce.DEBUG: Product already linked to channel. Skipping. {"product_id":182,"channel_id":"390543"} []
[2020-08-29 10:31:53] BigCommerce.DEBUG: Product already linked to channel. Skipping. {"product_id":183,"channel_id":"390543"} []
[2020-08-29 10:31:53] BigCommerce.DEBUG: Product already linked to channel. Skipping. {"product_id":184,"channel_id":"390543"} []
[2020-08-29 10:31:53] BigCommerce.DEBUG: Product already linked to channel. Skipping. {"product_id":185,"channel_id":"390543"} []
[2020-08-29 10:31:53] BigCommerce.DEBUG: Product already linked to channel. Skipping. {"product_id":186,"channel_id":"390543"} []
[2020-08-29 10:31:53] BigCommerce.DEBUG: Product already linked to channel. Skipping. {"product_id":187,"channel_id":"390543"} []
[2020-08-29 10:31:53] BigCommerce.DEBUG: Product already linked to channel. Skipping. {"product_id":188,"channel_id":"390543"} []
[2020-08-29 10:31:53] BigCommerce.DEBUG: Product already linked to channel. Skipping. {"product_id":189,"channel_id":"390543"} []
[2020-08-29 10:31:53] BigCommerce.DEBUG: Product already linked to channel. Skipping. {"product_id":190,"channel_id":"390543"} []
[2020-08-29 10:31:53] BigCommerce.DEBUG: Product already linked to channel. Skipping. {"product_id":191,"channel_id":"390543"} []
[2020-08-29 10:31:53] BigCommerce.DEBUG: Product already linked to channel. Skipping. {"product_id":192,"channel_id":"390543"} []
[2020-08-29 10:31:53] BigCommerce.DEBUG: Product already linked to channel. Skipping. {"product_id":193,"channel_id":"390543"} []
[2020-08-29 10:31:53] BigCommerce.DEBUG: Product already linked to channel. Skipping. {"product_id":194,"channel_id":"390543"} []
[2020-08-29 10:31:53] BigCommerce.DEBUG: Product already linked to channel. Skipping. {"product_id":195,"channel_id":"390543"} []
[2020-08-29 10:31:53] BigCommerce.DEBUG: Product already linked to channel. Skipping. {"product_id":196,"channel_id":"390543"} []
[2020-08-29 10:31:53] BigCommerce.DEBUG: Product already linked to channel. Skipping. {"product_id":197,"channel_id":"390543"} []
[2020-08-29 10:31:53] BigCommerce.DEBUG: Product already linked to channel. Skipping. {"product_id":198,"channel_id":"390543"} []
[2020-08-29 10:31:53] BigCommerce.DEBUG: Product already linked to channel. Skipping. {"product_id":199,"channel_id":"390543"} []
[2020-08-29 10:31:53] BigCommerce.DEBUG: Product already linked to channel. Skipping. {"product_id":200,"channel_id":"390543"} []
[2020-08-29 10:31:53] BigCommerce.DEBUG: Product already linked to channel. Skipping. {"product_id":201,"channel_id":"390543"} []
[2020-08-29 10:31:53] BigCommerce.DEBUG: Product already linked to channel. Skipping. {"product_id":202,"channel_id":"390543"} []
[2020-08-29 10:31:53] BigCommerce.DEBUG: Product already linked to channel. Skipping. {"product_id":203,"channel_id":"390543"} []
[2020-08-29 10:31:53] BigCommerce.DEBUG: Product already linked to channel. Skipping. {"product_id":204,"channel_id":"390543"} []
[2020-08-29 10:31:53] BigCommerce.DEBUG: Product already linked to channel. Skipping. {"product_id":205,"channel_id":"390543"} []
[2020-08-29 10:31:53] BigCommerce.DEBUG: Product already linked to channel. Skipping. {"product_id":206,"channel_id":"390543"} []
[2020-08-29 10:31:53] BigCommerce.DEBUG: Product already linked to channel. Skipping. {"product_id":207,"channel_id":"390543"} []
[2020-08-29 10:31:53] BigCommerce.DEBUG: Product already linked to channel. Skipping. {"product_id":208,"channel_id":"390543"} []
[2020-08-29 10:31:53] BigCommerce.DEBUG: Product already linked to channel. Skipping. {"product_id":209,"channel_id":"390543"} []
[2020-08-29 10:31:53] BigCommerce.DEBUG: Product already linked to channel. Skipping. {"product_id":210,"channel_id":"390543"} []
[2020-08-29 10:31:53] BigCommerce.DEBUG: Product already linked to channel. Skipping. {"product_id":211,"channel_id":"390543"} []
[2020-08-29 10:31:53] BigCommerce.DEBUG: Channel initialization ready for next page of products {"next":3} []
[2020-08-29 10:31:58] BigCommerce.INFO: Running import task {"state":"initializing_channel-2","description":"Adding listings to channel Inspiry"} []
[2020-08-29 10:31:58] BigCommerce.DEBUG: Retrieving products {"limit":50,"page":3} []
[2020-08-29 10:31:59] BigCommerce.DEBUG: Product already linked to channel. Skipping. {"product_id":212,"channel_id":"390543"} []
[2020-08-29 10:31:59] BigCommerce.DEBUG: Product already linked to channel. Skipping. {"product_id":213,"channel_id":"390543"} []
[2020-08-29 10:31:59] BigCommerce.DEBUG: Product already linked to channel. Skipping. {"product_id":214,"channel_id":"390543"} []
[2020-08-29 10:31:59] BigCommerce.DEBUG: Product already linked to channel. Skipping. {"product_id":215,"channel_id":"390543"} []
[2020-08-29 10:31:59] BigCommerce.DEBUG: Product already linked to channel. Skipping. {"product_id":216,"channel_id":"390543"} []
[2020-08-29 10:31:59] BigCommerce.DEBUG: Product already linked to channel. Skipping. {"product_id":217,"channel_id":"390543"} []
[2020-08-29 10:31:59] BigCommerce.DEBUG: Product already linked to channel. Skipping. {"product_id":218,"channel_id":"390543"} []
[2020-08-29 10:31:59] BigCommerce.DEBUG: Product already linked to channel. Skipping. {"product_id":219,"channel_id":"390543"} []
[2020-08-29 10:31:59] BigCommerce.DEBUG: Product already linked to channel. Skipping. {"product_id":220,"channel_id":"390543"} []
[2020-08-29 10:31:59] BigCommerce.DEBUG: Product already linked to channel. Skipping. {"product_id":221,"channel_id":"390543"} []
[2020-08-29 10:31:59] BigCommerce.DEBUG: Product already linked to channel. Skipping. {"product_id":222,"channel_id":"390543"} []
[2020-08-29 10:31:59] BigCommerce.DEBUG: Product already linked to channel. Skipping. {"product_id":223,"channel_id":"390543"} []
[2020-08-29 10:31:59] BigCommerce.DEBUG: Product already linked to channel. Skipping. {"product_id":224,"channel_id":"390543"} []
[2020-08-29 10:31:59] BigCommerce.DEBUG: Product already linked to channel. Skipping. {"product_id":225,"channel_id":"390543"} []
[2020-08-29 10:31:59] BigCommerce.DEBUG: Product already linked to channel. Skipping. {"product_id":226,"channel_id":"390543"} []
[2020-08-29 10:31:59] BigCommerce.DEBUG: Product already linked to channel. Skipping. {"product_id":227,"channel_id":"390543"} []
[2020-08-29 10:31:59] BigCommerce.DEBUG: Product already linked to channel. Skipping. {"product_id":228,"channel_id":"390543"} []
[2020-08-29 10:31:59] BigCommerce.DEBUG: Product already linked to channel. Skipping. {"product_id":229,"channel_id":"390543"} []
[2020-08-29 10:31:59] BigCommerce.DEBUG: Product already linked to channel. Skipping. {"product_id":230,"channel_id":"390543"} []
[2020-08-29 10:31:59] BigCommerce.DEBUG: Product already linked to channel. Skipping. {"product_id":231,"channel_id":"390543"} []
[2020-08-29 10:31:59] BigCommerce.DEBUG: Product already linked to channel. Skipping. {"product_id":232,"channel_id":"390543"} []
[2020-08-29 10:31:59] BigCommerce.DEBUG: Product already linked to channel. Skipping. {"product_id":233,"channel_id":"390543"} []
[2020-08-29 10:31:59] BigCommerce.DEBUG: Product already linked to channel. Skipping. {"product_id":234,"channel_id":"390543"} []
[2020-08-29 10:31:59] BigCommerce.DEBUG: Product already linked to channel. Skipping. {"product_id":235,"channel_id":"390543"} []
[2020-08-29 10:31:59] BigCommerce.DEBUG: Product already linked to channel. Skipping. {"product_id":236,"channel_id":"390543"} []
[2020-08-29 10:31:59] BigCommerce.DEBUG: Product already linked to channel. Skipping. {"product_id":237,"channel_id":"390543"} []
[2020-08-29 10:31:59] BigCommerce.DEBUG: Product already linked to channel. Skipping. {"product_id":238,"channel_id":"390543"} []
[2020-08-29 10:32:38] BigCommerce.INFO: Running import task {"state":"initialized_channel-2","description":"Fetching product data from the BigCommerce API"} []
[2020-08-29 10:32:38] BigCommerce.DEBUG: Retrieving product data {"limit":10,"after":null} []
[2020-08-29 10:32:38] BigCommerce.DEBUG: Retrieving products found in listings {"limit":10,"ids":[112,113,114,115,116,117,118,119,120,121]} []
[2020-08-29 10:32:40] BigCommerce.DEBUG: Adding products to the import queue {"count":10} []
[2020-08-29 10:32:40] BigCommerce.DEBUG: Ready for next page of products {"next":1} []
[2020-08-29 10:34:39] BigCommerce.INFO: Running import task {"state":"fetching_products","description":"Fetching product data from the BigCommerce API"} []
[2020-08-29 10:34:39] BigCommerce.DEBUG: Retrieving product data {"limit":10,"after":1} []
[2020-08-29 10:34:39] BigCommerce.DEBUG: Retrieving products found in listings {"limit":10,"ids":[122,123,124,125,126,127,128,129,130,131]} []
[2020-08-29 10:34:41] BigCommerce.DEBUG: Adding products to the import queue {"count":10} []
[2020-08-29 10:34:41] BigCommerce.DEBUG: Ready for next page of products {"next":2} []
[2020-08-29 10:36:40] BigCommerce.INFO: Running import task {"state":"fetching_products","description":"Fetching product data from the BigCommerce API"} []
[2020-08-29 10:36:40] BigCommerce.DEBUG: Retrieving product data {"limit":10,"after":2} []
[2020-08-29 10:36:40] BigCommerce.DEBUG: Retrieving products found in listings {"limit":10,"ids":[132,133,134,135,136,137,138,139,140,141]} []
[2020-08-29 10:36:41] BigCommerce.DEBUG: Adding products to the import queue {"count":10} []
[2020-08-29 10:36:41] BigCommerce.DEBUG: Ready for next page of products {"next":3} []
[2020-08-29 10:38:41] BigCommerce.INFO: Running import task {"state":"fetching_products","description":"Fetching product data from the BigCommerce API"} []
[2020-08-29 10:38:41] BigCommerce.DEBUG: Retrieving product data {"limit":10,"after":3} []
[2020-08-29 10:38:41] BigCommerce.DEBUG: Retrieving products found in listings {"limit":10,"ids":[142,143,144,145,146,147,148,149,150,151]} []
[2020-08-29 10:38:43] BigCommerce.DEBUG: Adding products to the import queue {"count":10} []
[2020-08-29 10:38:43] BigCommerce.DEBUG: Ready for next page of products {"next":4} []
[2020-08-29 10:40:41] BigCommerce.INFO: Running import task {"state":"fetching_products","description":"Fetching product data from the BigCommerce API"} []
[2020-08-29 10:40:41] BigCommerce.DEBUG: Retrieving product data {"limit":10,"after":4} []
[2020-08-29 10:40:41] BigCommerce.DEBUG: Retrieving products found in listings {"limit":10,"ids":[152,153,154,155,156,157,158,159,160,161]} []
[2020-08-29 10:40:43] BigCommerce.DEBUG: Adding products to the import queue {"count":10} []
[2020-08-29 10:40:43] BigCommerce.DEBUG: Ready for next page of products {"next":5} []
[2020-08-29 10:43:35] BigCommerce.INFO: Running import task {"state":"fetching_products","description":"Fetching product data from the BigCommerce API"} []
[2020-08-29 10:43:35] BigCommerce.DEBUG: Retrieving product data {"limit":10,"after":5} []
[2020-08-29 10:43:35] BigCommerce.DEBUG: Retrieving products found in listings {"limit":10,"ids":[162,163,164,165,166,167,168,169,170,171]} []
[2020-08-29 10:43:37] BigCommerce.DEBUG: Adding products to the import queue {"count":10} []
[2020-08-29 10:43:37] BigCommerce.DEBUG: Ready for next page of products {"next":6} []
[2020-08-29 10:43:38] BigCommerce.INFO: Running import task {"state":"fetching_products","description":"Fetching product data from the BigCommerce API"} []
[2020-08-29 10:43:38] BigCommerce.DEBUG: Retrieving product data {"limit":10,"after":6} []
[2020-08-29 10:43:38] BigCommerce.DEBUG: Retrieving products found in listings {"limit":10,"ids":[172,173,174,175,176,177,178,179,180,181]} []
[2020-08-29 10:43:40] BigCommerce.DEBUG: Adding products to the import queue {"count":10} []
[2020-08-29 10:43:40] BigCommerce.DEBUG: Ready for next page of products {"next":7} []
[2020-08-29 10:43:41] BigCommerce.INFO: Running import task {"state":"fetching_products","description":"Fetching product data from the BigCommerce API"} []
[2020-08-29 10:43:41] BigCommerce.DEBUG: Retrieving product data {"limit":10,"after":7} []
[2020-08-29 10:43:41] BigCommerce.DEBUG: Retrieving products found in listings {"limit":10,"ids":[182,183,184,185,186,187,188,189,190,191]} []
[2020-08-29 10:43:43] BigCommerce.DEBUG: Adding products to the import queue {"count":10} []
[2020-08-29 10:43:43] BigCommerce.DEBUG: Ready for next page of products {"next":8} []
[2020-08-29 10:43:44] BigCommerce.INFO: Running import task {"state":"fetching_products","description":"Fetching product data from the BigCommerce API"} []
[2020-08-29 10:43:44] BigCommerce.DEBUG: Retrieving product data {"limit":10,"after":8} []
[2020-08-29 10:43:44] BigCommerce.DEBUG: Retrieving products found in listings {"limit":10,"ids":[192,193,194,195,196,197,198,199,200,201]} []
[2020-08-29 10:43:46] BigCommerce.DEBUG: Adding products to the import queue {"count":10} []
[2020-08-29 10:43:46] BigCommerce.DEBUG: Ready for next page of products {"next":9} []
[2020-08-29 10:43:49] BigCommerce.INFO: Running import task {"state":"fetching_products","description":"Fetching product data from the BigCommerce API"} []
[2020-08-29 10:43:49] BigCommerce.DEBUG: Retrieving product data {"limit":10,"after":9} []
[2020-08-29 10:43:49] BigCommerce.DEBUG: Retrieving products found in listings {"limit":10,"ids":[202,203,204,205,206,207,208,209,210,211]} []
[2020-08-29 10:43:50] BigCommerce.DEBUG: Adding products to the import queue {"count":10} []
[2020-08-29 10:43:50] BigCommerce.DEBUG: Ready for next page of products {"next":10} []
[2020-08-29 10:43:52] BigCommerce.INFO: Running import task {"state":"fetching_products","description":"Fetching product data from the BigCommerce API"} []
[2020-08-29 10:43:52] BigCommerce.DEBUG: Retrieving product data {"limit":10,"after":10} []
[2020-08-29 10:43:52] BigCommerce.DEBUG: Retrieving products found in listings {"limit":10,"ids":[212,213,214,215,216,217,218,219,220,221]} []
[2020-08-29 10:43:53] BigCommerce.DEBUG: Adding products to the import queue {"count":10} []
[2020-08-29 10:43:53] BigCommerce.DEBUG: Ready for next page of products {"next":11} []
[2020-08-29 10:43:55] BigCommerce.INFO: Running import task {"state":"fetching_products","description":"Fetching product data from the BigCommerce API"} []
[2020-08-29 10:43:55] BigCommerce.DEBUG: Retrieving product data {"limit":10,"after":11} []
[2020-08-29 10:43:55] BigCommerce.DEBUG: Retrieving products found in listings {"limit":10,"ids":[222,223,224,225,226,227,228,229,230,231]} []
[2020-08-29 10:43:56] BigCommerce.DEBUG: Adding products to the import queue {"count":10} []
[2020-08-29 10:43:56] BigCommerce.DEBUG: Ready for next page of products {"next":12} []
[2020-08-29 10:43:58] BigCommerce.INFO: Running import task {"state":"fetching_products","description":"Fetching product data from the BigCommerce API"} []
[2020-08-29 10:43:58] BigCommerce.DEBUG: Retrieving product data {"limit":10,"after":12} []
[2020-08-29 10:43:58] BigCommerce.DEBUG: Retrieving products found in listings {"limit":10,"ids":[232,233,234,235,236,237,238]} []
[2020-08-29 10:43:59] BigCommerce.DEBUG: Adding products to the import queue {"count":7} []
[2020-08-29 10:44:00] BigCommerce.INFO: Running import task {"state":"fetched_products","description":"Identifying posts to remove from WordPress"} []
[2020-08-29 10:44:02] BigCommerce.INFO: Running import task {"state":"marked_deleted_products","description":"Importing products"} []
[2020-08-29 10:44:02] BigCommerce.DEBUG: Handling record from import queue {"record_id":"4100","name":"bf49f6c7b67d3fb883c9c3bf550e7b04","attempt":"0","action":"update"} []
[2020-08-29 10:44:02] BigCommerce.DEBUG: Product imported successfully {"product_id":112,"channel":2} []
[2020-08-29 10:44:02] BigCommerce.DEBUG: Handling record from import queue {"record_id":"4101","name":"17d01af829ca311627201df65ccdfe6b","attempt":"0","action":"update"} []
[2020-08-29 10:44:02] BigCommerce.DEBUG: Product imported successfully {"product_id":113,"channel":2} []
[2020-08-29 10:44:02] BigCommerce.DEBUG: Handling record from import queue {"record_id":"4102","name":"8ba4de086454b65cc8a90f670660a1e5","attempt":"0","action":"update"} []
[2020-08-29 10:44:02] BigCommerce.DEBUG: Product imported successfully {"product_id":114,"channel":2} []
[2020-08-29 10:44:02] BigCommerce.DEBUG: Handling record from import queue {"record_id":"4103","name":"bdeacd49bda8efb267f4a5701dae5d85","attempt":"0","action":"update"} []
[2020-08-29 10:44:02] BigCommerce.DEBUG: Product imported successfully {"product_id":115,"channel":2} []
[2020-08-29 10:44:02] BigCommerce.DEBUG: Handling record from import queue {"record_id":"4104","name":"cb07400a7681037d7a4be12bf113e340","attempt":"0","action":"update"} []
[2020-08-29 10:44:02] BigCommerce.DEBUG: Product imported successfully {"product_id":116,"channel":2} []
[2020-08-29 10:44:02] BigCommerce.DEBUG: Completed import batch {"count":5,"remaining":122} []
[2020-08-29 10:44:04] BigCommerce.INFO: Running import task {"state":"processing_queue","description":"Importing products"} []
[2020-08-29 10:44:04] BigCommerce.DEBUG: Handling record from import queue {"record_id":"4105","name":"eee0743535fd549012dbc3436eb6acd3","attempt":"0","action":"update"} []
[2020-08-29 10:44:04] BigCommerce.DEBUG: Product imported successfully {"product_id":117,"channel":2} []
[2020-08-29 10:44:04] BigCommerce.DEBUG: Handling record from import queue {"record_id":"4106","name":"70d8dd2ace3b1bd42c515ba77039e476","attempt":"0","action":"update"} []
[2020-08-29 10:44:04] BigCommerce.DEBUG: Product imported successfully {"product_id":118,"channel":2} []
[2020-08-29 10:44:04] BigCommerce.DEBUG: Handling record from import queue {"record_id":"4107","name":"f85dd3e1129905db35e197a73191fc6c","attempt":"0","action":"update"} []
[2020-08-29 10:44:04] BigCommerce.DEBUG: Product imported successfully {"product_id":119,"channel":2} []
[2020-08-29 10:44:04] BigCommerce.DEBUG: Handling record from import queue {"record_id":"4108","name":"a55ec5fff13ff0a30b6f299430f93e04","attempt":"0","action":"update"} []
[2020-08-29 10:44:04] BigCommerce.DEBUG: Product imported successfully {"product_id":120,"channel":2} []
[2020-08-29 10:44:04] BigCommerce.DEBUG: Handling record from import queue {"record_id":"4109","name":"ae7d502595b575b3625a249b426b1a3d","attempt":"0","action":"update"} []
[2020-08-29 10:44:04] BigCommerce.DEBUG: Product imported successfully {"product_id":121,"channel":2} []
[2020-08-29 10:44:04] BigCommerce.DEBUG: Completed import batch {"count":5,"remaining":117} []
[2020-08-29 10:44:05] BigCommerce.INFO: Running import task {"state":"processing_queue","description":"Importing products"} []
[2020-08-29 10:44:05] BigCommerce.DEBUG: Handling record from import queue {"record_id":"4110","name":"cb11023af968ffbd65f53283d6f05b4c","attempt":"0","action":"update"} []
[2020-08-29 10:44:05] BigCommerce.DEBUG: Product imported successfully {"product_id":122,"channel":2} []
[2020-08-29 10:44:05] BigCommerce.DEBUG: Handling record from import queue {"record_id":"4111","name":"4c8ae7799f7f5c581dcb16b0a4ce0f75","attempt":"0","action":"update"} []
[2020-08-29 10:44:05] BigCommerce.DEBUG: Product imported successfully {"product_id":123,"channel":2} []
[2020-08-29 10:44:05] BigCommerce.DEBUG: Handling record from import queue {"record_id":"4112","name":"c3fe2bd470d3c202c20b951679d69d3f","attempt":"0","action":"update"} []
[2020-08-29 10:44:05] BigCommerce.DEBUG: Product imported successfully {"product_id":124,"channel":2} []
[2020-08-29 10:44:05] BigCommerce.DEBUG: Handling record from import queue {"record_id":"4113","name":"bd82a50d46c780ce17a577f264c61568","attempt":"0","action":"update"} []
[2020-08-29 10:44:05] BigCommerce.DEBUG: Product imported successfully {"product_id":125,"channel":2} []
[2020-08-29 10:44:05] BigCommerce.DEBUG: Handling record from import queue {"record_id":"4114","name":"30684f82077e67adfec92ff2cf2637d1","attempt":"0","action":"update"} []
[2020-08-29 10:44:05] BigCommerce.DEBUG: Product imported successfully {"product_id":126,"channel":2} []
[2020-08-29 10:44:05] BigCommerce.DEBUG: Completed import batch {"count":5,"remaining":112} []
[2020-08-29 10:44:07] BigCommerce.INFO: Running import task {"state":"processing_queue","description":"Importing products"} []
[2020-08-29 10:44:07] BigCommerce.DEBUG: Handling record from import queue {"record_id":"4115","name":"1f768fcfa43eb42f2118b92397c7c224","attempt":"0","action":"update"} []
[2020-08-29 10:44:07] BigCommerce.DEBUG: Product imported successfully {"product_id":127,"channel":2} []
[2020-08-29 10:44:07] BigCommerce.DEBUG: Handling record from import queue {"record_id":"4116","name":"8ac1d6534b493d995f9203f5275e1bea","attempt":"0","action":"update"} []
[2020-08-29 10:44:07] BigCommerce.DEBUG: Product imported successfully {"product_id":128,"channel":2} []
[2020-08-29 10:44:07] BigCommerce.DEBUG: Handling record from import queue {"record_id":"4117","name":"6bd38b4d9ba8725a1b78c89fd26551f6","attempt":"0","action":"update"} []
[2020-08-29 10:44:07] BigCommerce.DEBUG: Product imported successfully {"product_id":129,"channel":2} []
[2020-08-29 10:44:07] BigCommerce.DEBUG: Handling record from import queue {"record_id":"4118","name":"622b830ecd21490e09c6010e90c26af4","attempt":"0","action":"update"} []
[2020-08-29 10:44:07] BigCommerce.DEBUG: Product imported successfully {"product_id":130,"channel":2} []
[2020-08-29 10:44:07] BigCommerce.DEBUG: Handling record from import queue {"record_id":"4119","name":"03ee79a9caab9c786cc1944ff9d59821","attempt":"0","action":"update"} []
[2020-08-29 10:44:07] BigCommerce.DEBUG: Product imported successfully {"product_id":131,"channel":2} []
[2020-08-29 10:44:07] BigCommerce.DEBUG: Completed import batch {"count":5,"remaining":107} []
[2020-08-29 10:44:08] BigCommerce.INFO: Running import task {"state":"processing_queue","description":"Importing products"} []
[2020-08-29 10:44:08] BigCommerce.DEBUG: Handling record from import queue {"record_id":"4120","name":"c1f80a581bf193ae9072be829c62bc98","attempt":"0","action":"update"} []
[2020-08-29 10:44:09] BigCommerce.DEBUG: Product imported successfully {"product_id":132,"channel":2} []
[2020-08-29 10:44:09] BigCommerce.DEBUG: Handling record from import queue {"record_id":"4121","name":"05f3ba7ed37bbdb9e9a11eaa66343a72","attempt":"0","action":"update"} []
[2020-08-29 10:44:09] BigCommerce.DEBUG: Product imported successfully {"product_id":133,"channel":2} []
[2020-08-29 10:44:09] BigCommerce.DEBUG: Handling record from import queue {"record_id":"4122","name":"3d83d4feee7abd1677eccf1f81decba8","attempt":"0","action":"update"} []
[2020-08-29 10:44:09] BigCommerce.DEBUG: Product imported successfully {"product_id":134,"channel":2} []
[2020-08-29 10:44:09] BigCommerce.DEBUG: Handling record from import queue {"record_id":"4123","name":"3961c367daf6d4fce20c08fbb1c0be5d","attempt":"0","action":"update"} []
[2020-08-29 10:44:09] BigCommerce.DEBUG: Product imported successfully {"product_id":135,"channel":2} []
[2020-08-29 10:44:09] BigCommerce.DEBUG: Handling record from import queue {"record_id":"4124","name":"f6917de06e48145c668a70108e249893","attempt":"0","action":"update"} []
[2020-08-29 10:44:09] BigCommerce.DEBUG: Product imported successfully {"product_id":136,"channel":2} []
[2020-08-29 10:44:09] BigCommerce.DEBUG: Completed import batch {"count":5,"remaining":102} []
[2020-08-29 10:44:10] BigCommerce.INFO: Running import task {"state":"processing_queue","description":"Importing products"} []
[2020-08-29 10:44:10] BigCommerce.DEBUG: Handling record from import queue {"record_id":"4125","name":"25594d08f0c37c7c13582d0179c69d78","attempt":"0","action":"update"} []
[2020-08-29 10:44:10] BigCommerce.DEBUG: Product imported successfully {"product_id":137,"channel":2} []
[2020-08-29 10:44:10] BigCommerce.DEBUG: Handling record from import queue {"record_id":"4126","name":"f9d6eecb1518d64c7144c7837102ee7c","attempt":"0","action":"update"} []
[2020-08-29 10:44:10] BigCommerce.DEBUG: Product imported successfully {"product_id":138,"channel":2} []
[2020-08-29 10:44:10] BigCommerce.DEBUG: Handling record from import queue {"record_id":"4127","name":"566f134497bce2de21223a8bb10f07f3","attempt":"0","action":"update"} []
[2020-08-29 10:44:10] BigCommerce.DEBUG: Product imported successfully {"product_id":139,"channel":2} []
[2020-08-29 10:44:10] BigCommerce.DEBUG: Handling record from import queue {"record_id":"4128","name":"5520da17cc7fabaeabee2f5239992255","attempt":"0","action":"update"} []
[2020-08-29 10:44:10] BigCommerce.DEBUG: Product imported successfully {"product_id":140,"channel":2} []
[2020-08-29 10:44:10] BigCommerce.DEBUG: Handling record from import queue {"record_id":"4129","name":"5ad7e5c83b2c439099559bcfe15a64a0","attempt":"0","action":"update"} []
[2020-08-29 10:44:10] BigCommerce.DEBUG: Product imported successfully {"product_id":141,"channel":2} []
[2020-08-29 10:44:10] BigCommerce.DEBUG: Completed import batch {"count":5,"remaining":97} []
[2020-08-29 10:44:12] BigCommerce.INFO: Running import task {"state":"processing_queue","description":"Importing products"} []
[2020-08-29 10:44:12] BigCommerce.DEBUG: Handling record from import queue {"record_id":"4130","name":"b491efa2477003b52cd2e0228ed13682","attempt":"0","action":"update"} []
[2020-08-29 10:44:12] BigCommerce.DEBUG: Product imported successfully {"product_id":142,"channel":2} []
[2020-08-29 10:44:12] BigCommerce.DEBUG: Handling record from import queue {"record_id":"4131","name":"5abc1c315a8449cf21a9fe0740a497b6","attempt":"0","action":"update"} []
[2020-08-29 10:44:12] BigCommerce.DEBUG: Product imported successfully {"product_id":143,"channel":2} []
[2020-08-29 10:44:12] BigCommerce.DEBUG: Handling record from import queue {"record_id":"4132","name":"5499d5e59f93675a2888d78a05c9a556","attempt":"0","action":"update"} []
[2020-08-29 10:44:12] BigCommerce.DEBUG: Product imported successfully {"product_id":144,"channel":2} []
[2020-08-29 10:44:12] BigCommerce.DEBUG: Handling record from import queue {"record_id":"4133","name":"da810f14b22f0fa821298a732a1e4a8d","attempt":"0","action":"update"} []
[2020-08-29 10:44:12] BigCommerce.DEBUG: Product imported successfully {"product_id":145,"channel":2} []
[2020-08-29 10:44:12] BigCommerce.DEBUG: Handling record from import queue {"record_id":"4134","name":"ef45ace4d79b745eda319209fabb7728","attempt":"0","action":"update"} []
[2020-08-29 10:44:12] BigCommerce.DEBUG: Product imported successfully {"product_id":146,"channel":2} []
[2020-08-29 10:44:12] BigCommerce.DEBUG: Completed import batch {"count":5,"remaining":92} []
[2020-08-29 10:44:13] BigCommerce.INFO: Running import task {"state":"processing_queue","description":"Importing products"} []
[2020-08-29 10:44:13] BigCommerce.DEBUG: Handling record from import queue {"record_id":"4135","name":"262c92a00ea55fb1713bdb0aa5cb479e","attempt":"0","action":"update"} []
[2020-08-29 10:44:13] BigCommerce.DEBUG: Product imported successfully {"product_id":147,"channel":2} []
[2020-08-29 10:44:13] BigCommerce.DEBUG: Handling record from import queue {"record_id":"4136","name":"cddcfe91e1238d0d2b7ba60d140f5052","attempt":"0","action":"update"} []
[2020-08-29 10:44:13] BigCommerce.DEBUG: Product imported successfully {"product_id":148,"channel":2} []
[2020-08-29 10:44:13] BigCommerce.DEBUG: Handling record from import queue {"record_id":"4137","name":"4650b9e322ec5104172aec6a4ba7113c","attempt":"0","action":"update"} []
[2020-08-29 10:44:13] BigCommerce.DEBUG: Product imported successfully {"product_id":149,"channel":2} []
[2020-08-29 10:44:13] BigCommerce.DEBUG: Handling record from import queue {"record_id":"4138","name":"975dc670a54f9a601adf5ae7463d48cc","attempt":"0","action":"update"} []
[2020-08-29 10:44:13] BigCommerce.DEBUG: Product imported successfully {"product_id":150,"channel":2} []
[2020-08-29 10:44:13] BigCommerce.DEBUG: Handling record from import queue {"record_id":"4139","name":"583c74743a6822034afd09b9e3ec2e78","attempt":"0","action":"update"} []
[2020-08-29 10:44:13] BigCommerce.DEBUG: Product imported successfully {"product_id":151,"channel":2} []
[2020-08-29 10:44:13] BigCommerce.DEBUG: Completed import batch {"count":5,"remaining":87} []
[2020-08-29 10:44:15] BigCommerce.INFO: Running import task {"state":"processing_queue","description":"Importing products"} []
[2020-08-29 10:44:15] BigCommerce.DEBUG: Handling record from import queue {"record_id":"4140","name":"ae527bd2b8a84e36f48cd42eb61c06b6","attempt":"0","action":"update"} []
[2020-08-29 10:44:15] BigCommerce.DEBUG: Product imported successfully {"product_id":152,"channel":2} []
[2020-08-29 10:44:15] BigCommerce.DEBUG: Handling record from import queue {"record_id":"4141","name":"b218afb1ada513176bb4c54c82354a3d","attempt":"0","action":"update"} []
[2020-08-29 10:44:15] BigCommerce.DEBUG: Product imported successfully {"product_id":153,"channel":2} []
[2020-08-29 10:44:15] BigCommerce.DEBUG: Handling record from import queue {"record_id":"4142","name":"dcc9c1a5d16b7bb644c27c90e77b6fe9","attempt":"0","action":"update"} []
[2020-08-29 10:44:15] BigCommerce.DEBUG: Product imported successfully {"product_id":154,"channel":2} []
[2020-08-29 10:44:15] BigCommerce.DEBUG: Handling record from import queue {"record_id":"4143","name":"bede03d7b05663fcf15c7eabb5ae5b54","attempt":"0","action":"update"} []
[2020-08-29 10:44:15] BigCommerce.DEBUG: Product imported successfully {"product_id":155,"channel":2} []
[2020-08-29 10:44:15] BigCommerce.DEBUG: Handling record from import queue {"record_id":"4144","name":"5e5f87b811a39c3d8e8c7406ee7c5296","attempt":"0","action":"update"} []
[2020-08-29 10:44:15] BigCommerce.DEBUG: Product imported successfully {"product_id":156,"channel":2} []
[2020-08-29 10:44:15] BigCommerce.DEBUG: Completed import batch {"count":5,"remaining":82} []
[2020-08-29 10:44:17] BigCommerce.INFO: Running import task {"state":"processing_queue","description":"Importing products"} []
[2020-08-29 10:44:17] BigCommerce.DEBUG: Handling record from import queue {"record_id":"4145","name":"8e312332ec3f3875f4e53b641a12cc77","attempt":"0","action":"update"} []
[2020-08-29 10:44:17] BigCommerce.DEBUG: Product imported successfully {"product_id":157,"channel":2} []
[2020-08-29 10:44:17] BigCommerce.DEBUG: Handling record from import queue {"record_id":"4146","name":"4542ba1fed7b6a36e6dcf998b2bc25bd","attempt":"0","action":"update"} []
[2020-08-29 10:44:17] BigCommerce.DEBUG: Product imported successfully {"product_id":158,"channel":2} []
[2020-08-29 10:44:17] BigCommerce.DEBUG: Handling record from import queue {"record_id":"4147","name":"3f066b768bf7f0a87ce1e642879dd1f6","attempt":"0","action":"update"} []
[2020-08-29 10:44:17] BigCommerce.DEBUG: Product imported successfully {"product_id":159,"channel":2} []
[2020-08-29 10:44:17] BigCommerce.DEBUG: Handling record from import queue {"record_id":"4148","name":"950e4919d3f4becd7f476e24942b2634","attempt":"0","action":"update"} []
[2020-08-29 10:44:17] BigCommerce.DEBUG: Product imported successfully {"product_id":160,"channel":2} []
[2020-08-29 10:44:17] BigCommerce.DEBUG: Handling record from import queue {"record_id":"4149","name":"fa909f5d188beca1fc20bcaaa014ed62","attempt":"0","action":"update"} []
[2020-08-29 10:44:17] BigCommerce.DEBUG: Product imported successfully {"product_id":161,"channel":2} []
[2020-08-29 10:44:17] BigCommerce.DEBUG: Completed import batch {"count":5,"remaining":77} []
[2020-08-29 10:44:18] BigCommerce.INFO: Running import task {"state":"processing_queue","description":"Importing products"} []
[2020-08-29 10:44:18] BigCommerce.DEBUG: Handling record from import queue {"record_id":"4150","name":"fe5752bb8fee33a032b8a02228ed6798","attempt":"0","action":"update"} []
[2020-08-29 10:44:18] BigCommerce.DEBUG: Product imported successfully {"product_id":162,"channel":2} []
[2020-08-29 10:44:18] BigCommerce.DEBUG: Handling record from import queue {"record_id":"4151","name":"fd784885b536bdbbc547e41ab93367a7","attempt":"0","action":"update"} []
[2020-08-29 10:44:18] BigCommerce.DEBUG: Product imported successfully {"product_id":163,"channel":2} []
[2020-08-29 10:44:18] BigCommerce.DEBUG: Handling record from import queue {"record_id":"4152","name":"91407e9b001ea513f445749956f99b67","attempt":"0","action":"update"} []
[2020-08-29 10:44:18] BigCommerce.DEBUG: Product imported successfully {"product_id":164,"channel":2} []
[2020-08-29 10:44:18] BigCommerce.DEBUG: Handling record from import queue {"record_id":"4153","name":"8c6c7f50c0aa4f417a51328f11e4ddda","attempt":"0","action":"update"} []
[2020-08-29 10:44:18] BigCommerce.DEBUG: Product imported successfully {"product_id":165,"channel":2} []
[2020-08-29 10:44:18] BigCommerce.DEBUG: Handling record from import queue {"record_id":"4154","name":"9adc9f08c1c995d979ae108c1475651a","attempt":"0","action":"update"} []
[2020-08-29 10:44:18] BigCommerce.DEBUG: Product imported successfully {"product_id":166,"channel":2} []
[2020-08-29 10:44:18] BigCommerce.DEBUG: Completed import batch {"count":5,"remaining":72} []
[2020-08-29 10:44:20] BigCommerce.INFO: Running import task {"state":"processing_queue","description":"Importing products"} []
[2020-08-29 10:44:20] BigCommerce.DEBUG: Handling record from import queue {"record_id":"4155","name":"935825d12f6e529fc8b16f610cf832e7","attempt":"0","action":"update"} []
[2020-08-29 10:44:20] BigCommerce.DEBUG: Product imported successfully {"product_id":167,"channel":2} []
[2020-08-29 10:44:20] BigCommerce.DEBUG: Handling record from import queue {"record_id":"4156","name":"c5306f2c1a3a97185b7ddd8058e67295","attempt":"0","action":"update"} []
[2020-08-29 10:44:20] BigCommerce.DEBUG: Product imported successfully {"product_id":168,"channel":2} []
[2020-08-29 10:44:20] BigCommerce.DEBUG: Handling record from import queue {"record_id":"4157","name":"7ae522ced5cf53528eaa748a226a5d29","attempt":"0","action":"update"} []
[2020-08-29 10:44:20] BigCommerce.DEBUG: Product imported successfully {"product_id":169,"channel":2} []
[2020-08-29 10:44:20] BigCommerce.DEBUG: Handling record from import queue {"record_id":"4158","name":"7f4b04e31f5b9d5580080cb3ea59d5c2","attempt":"0","action":"update"} []
[2020-08-29 10:44:20] BigCommerce.DEBUG: Product imported successfully {"product_id":170,"channel":2} []
[2020-08-29 10:44:20] BigCommerce.DEBUG: Handling record from import queue {"record_id":"4159","name":"2baf70947490abb3bc3d71918138055f","attempt":"0","action":"update"} []
[2020-08-29 10:44:20] BigCommerce.DEBUG: Product imported successfully {"product_id":171,"channel":2} []
[2020-08-29 10:44:20] BigCommerce.DEBUG: Completed import batch {"count":5,"remaining":67} []
[2020-08-29 10:44:21] BigCommerce.INFO: Running import task {"state":"processing_queue","description":"Importing products"} []
[2020-08-29 10:44:21] BigCommerce.DEBUG: Handling record from import queue {"record_id":"4160","name":"8f77934e75de400908d2d52e814beac3","attempt":"0","action":"update"} []
[2020-08-29 10:44:21] BigCommerce.DEBUG: Product imported successfully {"product_id":172,"channel":2} []
[2020-08-29 10:44:21] BigCommerce.DEBUG: Handling record from import queue {"record_id":"4161","name":"f9688d5a95141d5c4a25829aa79ff6fc","attempt":"0","action":"update"} []
[2020-08-29 10:44:21] BigCommerce.DEBUG: Product imported successfully {"product_id":173,"channel":2} []
[2020-08-29 10:44:21] BigCommerce.DEBUG: Handling record from import queue {"record_id":"4162","name":"0f614d0bc78eca11e695b742af2d25b8","attempt":"0","action":"update"} []
[2020-08-29 10:44:21] BigCommerce.DEBUG: Product imported successfully {"product_id":174,"channel":2} []
[2020-08-29 10:44:21] BigCommerce.DEBUG: Handling record from import queue {"record_id":"4163","name":"9e188cd5b4567303b5eac38201d39e34","attempt":"0","action":"update"} []
[2020-08-29 10:44:22] BigCommerce.DEBUG: Product imported successfully {"product_id":175,"channel":2} []
[2020-08-29 10:44:22] BigCommerce.DEBUG: Handling record from import queue {"record_id":"4164","name":"2603356a8914b38f71dbe5bc94df6348","attempt":"0","action":"update"} []
[2020-08-29 10:44:22] BigCommerce.DEBUG: Product imported successfully {"product_id":176,"channel":2} []
[2020-08-29 10:44:22] BigCommerce.DEBUG: Completed import batch {"count":5,"remaining":62} []
[2020-08-29 10:44:23] BigCommerce.INFO: Running import task {"state":"processing_queue","description":"Importing products"} []
[2020-08-29 10:44:23] BigCommerce.DEBUG: Handling record from import queue {"record_id":"4165","name":"64f6e7bf866de992388dac037378e6dc","attempt":"0","action":"update"} []
[2020-08-29 10:44:23] BigCommerce.DEBUG: Product imported successfully {"product_id":177,"channel":2} []
[2020-08-29 10:44:23] BigCommerce.DEBUG: Handling record from import queue {"record_id":"4166","name":"3495fa6ce020278e809f1091339b4b08","attempt":"0","action":"update"} []
[2020-08-29 10:44:23] BigCommerce.DEBUG: Product imported successfully {"product_id":178,"channel":2} []
[2020-08-29 10:44:23] BigCommerce.DEBUG: Handling record from import queue {"record_id":"4167","name":"ca4d49b2e7905e8762c22cb71acb0850","attempt":"0","action":"update"} []
[2020-08-29 10:44:23] BigCommerce.DEBUG: Product imported successfully {"product_id":179,"channel":2} []
[2020-08-29 10:44:23] BigCommerce.DEBUG: Handling record from import queue {"record_id":"4168","name":"6e6e14c08c9db23640f6bba27d0b2ac5","attempt":"0","action":"update"} []
[2020-08-29 10:44:23] BigCommerce.DEBUG: Product imported successfully {"product_id":180,"channel":2} []
[2020-08-29 10:44:23] BigCommerce.DEBUG: Handling record from import queue {"record_id":"4169","name":"d93f94489bdca0d83ea2eb965950797c","attempt":"0","action":"update"} []
[2020-08-29 10:44:23] BigCommerce.DEBUG: Product imported successfully {"product_id":181,"channel":2} []
[2020-08-29 10:44:23] BigCommerce.DEBUG: Completed import batch {"count":5,"remaining":57} []
[2020-08-29 10:44:25] BigCommerce.INFO: Running import task {"state":"processing_queue","description":"Importing products"} []
[2020-08-29 10:44:25] BigCommerce.DEBUG: Handling record from import queue {"record_id":"4170","name":"b9fd1c2938753b173042d34c0a3e7507","attempt":"0","action":"update"} []
[2020-08-29 10:44:25] BigCommerce.DEBUG: Product imported successfully {"product_id":182,"channel":2} []
[2020-08-29 10:44:25] BigCommerce.DEBUG: Handling record from import queue {"record_id":"4171","name":"1dd8dc796e779fae89f126c2b32f5286","attempt":"0","action":"update"} []
[2020-08-29 10:44:25] BigCommerce.DEBUG: Product imported successfully {"product_id":183,"channel":2} []
[2020-08-29 10:44:25] BigCommerce.DEBUG: Handling record from import queue {"record_id":"4172","name":"fb1a62ada95e1a746c2544372739bdb0","attempt":"0","action":"update"} []
[2020-08-29 10:44:25] BigCommerce.DEBUG: Product imported successfully {"product_id":184,"channel":2} []
[2020-08-29 10:44:25] BigCommerce.DEBUG: Handling record from import queue {"record_id":"4173","name":"9e4b3b6229ad8c0d7d4cddee0364b740","attempt":"0","action":"update"} []
[2020-08-29 10:44:25] BigCommerce.DEBUG: Product imported successfully {"product_id":185,"channel":2} []
[2020-08-29 10:44:25] BigCommerce.DEBUG: Handling record from import queue {"record_id":"4174","name":"6f05b6eb4eead449da713f7439b8cffb","attempt":"0","action":"update"} []
[2020-08-29 10:44:25] BigCommerce.DEBUG: Product imported successfully {"product_id":186,"channel":2} []
[2020-08-29 10:44:25] BigCommerce.DEBUG: Completed import batch {"count":5,"remaining":52} []
[2020-08-29 10:44:25] BigCommerce.INFO: Running import task {"state":"processing_queue","description":"Importing products"} []
[2020-08-29 10:44:25] BigCommerce.DEBUG: Handling record from import queue {"record_id":"4175","name":"98c4dda20657202614947e9176e0bd27","attempt":"0","action":"update"} []
[2020-08-29 10:44:25] BigCommerce.DEBUG: Product imported successfully {"product_id":187,"channel":2} []
[2020-08-29 10:44:25] BigCommerce.DEBUG: Handling record from import queue {"record_id":"4176","name":"a434c19374d793e4d03e2e595afe8f87","attempt":"0","action":"update"} []
[2020-08-29 10:44:25] BigCommerce.DEBUG: Product imported successfully {"product_id":188,"channel":2} []
[2020-08-29 10:44:25] BigCommerce.DEBUG: Handling record from import queue {"record_id":"4177","name":"4c7cd72ff4a2e2d5942445230a730e6f","attempt":"0","action":"update"} []
[2020-08-29 10:44:25] BigCommerce.DEBUG: Product imported successfully {"product_id":189,"channel":2} []
[2020-08-29 10:44:25] BigCommerce.DEBUG: Handling record from import queue {"record_id":"4178","name":"1f8a77bedc48f0fe74593673213b3244","attempt":"0","action":"update"} []
[2020-08-29 10:44:25] BigCommerce.DEBUG: Product imported successfully {"product_id":190,"channel":2} []
[2020-08-29 10:44:25] BigCommerce.DEBUG: Handling record from import queue {"record_id":"4179","name":"586dcbd6b236b49de96c18d211702a3b","attempt":"0","action":"update"} []
[2020-08-29 10:44:25] BigCommerce.DEBUG: Product imported successfully {"product_id":191,"channel":2} []
[2020-08-29 10:44:25] BigCommerce.DEBUG: Completed import batch {"count":5,"remaining":47} []
[2020-08-29 10:44:27] BigCommerce.INFO: Running import task {"state":"processing_queue","description":"Importing products"} []
[2020-08-29 10:44:27] BigCommerce.DEBUG: Handling record from import queue {"record_id":"4180","name":"603e365a0aef4a8edfd74a20d47ab89f","attempt":"0","action":"update"} []
[2020-08-29 10:44:27] BigCommerce.DEBUG: Product imported successfully {"product_id":192,"channel":2} []
[2020-08-29 10:44:27] BigCommerce.DEBUG: Handling record from import queue {"record_id":"4181","name":"ad8bbf7d83d36bb3b446c0674cc58ac1","attempt":"0","action":"update"} []
[2020-08-29 10:44:27] BigCommerce.DEBUG: Product imported successfully {"product_id":193,"channel":2} []
[2020-08-29 10:44:27] BigCommerce.DEBUG: Handling record from import queue {"record_id":"4182","name":"cb0f25800cc20e6722639a5467d46108","attempt":"0","action":"update"} []
[2020-08-29 10:44:27] BigCommerce.DEBUG: Product imported successfully {"product_id":194,"channel":2} []
[2020-08-29 10:44:27] BigCommerce.DEBUG: Handling record from import queue {"record_id":"4183","name":"d2a50f0aaa22175b5768512ae5e6b74b","attempt":"0","action":"update"} []
[2020-08-29 10:44:27] BigCommerce.DEBUG: Product imported successfully {"product_id":195,"channel":2} []
[2020-08-29 10:44:27] BigCommerce.DEBUG: Handling record from import queue {"record_id":"4184","name":"c4ee170c5266e955326ae17b78d24edb","attempt":"0","action":"update"} []
[2020-08-29 10:44:27] BigCommerce.DEBUG: Product imported successfully {"product_id":196,"channel":2} []
[2020-08-29 10:44:27] BigCommerce.DEBUG: Completed import batch {"count":5,"remaining":42} []
[2020-08-29 10:44:28] BigCommerce.INFO: Running import task {"state":"processing_queue","description":"Importing products"} []
[2020-08-29 10:44:28] BigCommerce.DEBUG: Handling record from import queue {"record_id":"4185","name":"3cca402d0e40cf715aab2a46175a5df2","attempt":"0","action":"update"} []
[2020-08-29 10:44:28] BigCommerce.DEBUG: Product imported successfully {"product_id":197,"channel":2} []
[2020-08-29 10:44:28] BigCommerce.DEBUG: Handling record from import queue {"record_id":"4186","name":"92fbc5f1b1b8aec361ac36485b20ab14","attempt":"0","action":"update"} []
[2020-08-29 10:44:28] BigCommerce.DEBUG: Product imported successfully {"product_id":198,"channel":2} []
[2020-08-29 10:44:28] BigCommerce.DEBUG: Handling record from import queue {"record_id":"4187","name":"90647d2bc0ec81481b9bc4118d4afb92","attempt":"0","action":"update"} []
[2020-08-29 10:44:28] BigCommerce.DEBUG: Product imported successfully {"product_id":199,"channel":2} []
[2020-08-29 10:44:28] BigCommerce.DEBUG: Handling record from import queue {"record_id":"4188","name":"fc3a5a2d0ddf718036eb581c21e39173","attempt":"0","action":"update"} []
[2020-08-29 10:44:28] BigCommerce.DEBUG: Product imported successfully {"product_id":200,"channel":2} []
[2020-08-29 10:44:28] BigCommerce.DEBUG: Handling record from import queue {"record_id":"4189","name":"bc4d69709137a480fc29ac1e09249502","attempt":"0","action":"update"} []
[2020-08-29 10:44:28] BigCommerce.DEBUG: Product imported successfully {"product_id":201,"channel":2} []
[2020-08-29 10:44:28] BigCommerce.DEBUG: Completed import batch {"count":5,"remaining":37} []
[2020-08-29 10:44:30] BigCommerce.INFO: Running import task {"state":"processing_queue","description":"Importing products"} []
[2020-08-29 10:44:30] BigCommerce.DEBUG: Handling record from import queue {"record_id":"4190","name":"9289f3a95c7d68e44d1d53b9801ab34a","attempt":"0","action":"update"} []
[2020-08-29 10:44:30] BigCommerce.DEBUG: Product imported successfully {"product_id":202,"channel":2} []
[2020-08-29 10:44:30] BigCommerce.DEBUG: Handling record from import queue {"record_id":"4191","name":"68c3206e942ad20a8e7031c7ffd3aef5","attempt":"0","action":"update"} []
[2020-08-29 10:44:30] BigCommerce.DEBUG: Product imported successfully {"product_id":203,"channel":2} []
[2020-08-29 10:44:30] BigCommerce.DEBUG: Handling record from import queue {"record_id":"4192","name":"3a85903f34f40920e66d0b4cbedbf065","attempt":"0","action":"update"} []
[2020-08-29 10:44:30] BigCommerce.DEBUG: Product imported successfully {"product_id":204,"channel":2} []
[2020-08-29 10:44:30] BigCommerce.DEBUG: Handling record from import queue {"record_id":"4193","name":"e36f576ba2ad45f3df513e7dd209ccf8","attempt":"0","action":"update"} []
[2020-08-29 10:44:30] BigCommerce.DEBUG: Product imported successfully {"product_id":205,"channel":2} []
[2020-08-29 10:44:30] BigCommerce.DEBUG: Handling record from import queue {"record_id":"4194","name":"cc4781ba58945036d070f8b8be0dfb7d","attempt":"0","action":"update"} []
[2020-08-29 10:44:30] BigCommerce.DEBUG: Product imported successfully {"product_id":206,"channel":2} []
[2020-08-29 10:44:30] BigCommerce.DEBUG: Completed import batch {"count":5,"remaining":32} []
[2020-08-29 10:44:30] BigCommerce.INFO: Running import task {"state":"processing_queue","description":"Importing products"} []
[2020-08-29 10:44:30] BigCommerce.DEBUG: Handling record from import queue {"record_id":"4195","name":"aaf015dda69603c03c0e37dc1d4c18d8","attempt":"0","action":"update"} []
[2020-08-29 10:44:30] BigCommerce.DEBUG: Product imported successfully {"product_id":207,"channel":2} []
[2020-08-29 10:44:30] BigCommerce.DEBUG: Handling record from import queue {"record_id":"4196","name":"a359da289ab58cc8d26d7a94198b1efe","attempt":"0","action":"update"} []
[2020-08-29 10:44:30] BigCommerce.DEBUG: Product imported successfully {"product_id":208,"channel":2} []
[2020-08-29 10:44:30] BigCommerce.DEBUG: Handling record from import queue {"record_id":"4197","name":"28a6ca08f1f90733091b0d935416c4fd","attempt":"0","action":"update"} []
[2020-08-29 10:44:30] BigCommerce.DEBUG: Product imported successfully {"product_id":209,"channel":2} []
[2020-08-29 10:44:30] BigCommerce.DEBUG: Handling record from import queue {"record_id":"4198","name":"e2175a1b2271b1d25eb8df343eae2fe2","attempt":"0","action":"update"} []
[2020-08-29 10:44:30] BigCommerce.DEBUG: Product imported successfully {"product_id":210,"channel":2} []
[2020-08-29 10:44:30] BigCommerce.DEBUG: Handling record from import queue {"record_id":"4199","name":"4af95512bda0bb305f5b0d526d2d7930","attempt":"0","action":"update"} []
[2020-08-29 10:44:30] BigCommerce.DEBUG: Product imported successfully {"product_id":211,"channel":2} []
[2020-08-29 10:44:30] BigCommerce.DEBUG: Completed import batch {"count":5,"remaining":27} []
[2020-08-29 10:44:32] BigCommerce.INFO: Running import task {"state":"processing_queue","description":"Importing products"} []
[2020-08-29 10:44:32] BigCommerce.DEBUG: Handling record from import queue {"record_id":"4200","name":"f76475d1c17e8392abc53bb4f05f82f2","attempt":"0","action":"update"} []
[2020-08-29 10:44:32] BigCommerce.DEBUG: Product imported successfully {"product_id":212,"channel":2} []
[2020-08-29 10:44:32] BigCommerce.DEBUG: Handling record from import queue {"record_id":"4201","name":"19de3561010be7a7b69f09664cbf0907","attempt":"0","action":"update"} []
[2020-08-29 10:44:32] BigCommerce.DEBUG: Product imported successfully {"product_id":213,"channel":2} []
[2020-08-29 10:44:32] BigCommerce.DEBUG: Handling record from import queue {"record_id":"4202","name":"6516956b92c52a156264eb7e9c8dcf17","attempt":"0","action":"update"} []
[2020-08-29 10:44:32] BigCommerce.DEBUG: Product imported successfully {"product_id":214,"channel":2} []
[2020-08-29 10:44:32] BigCommerce.DEBUG: Handling record from import queue {"record_id":"4203","name":"939409d7b962a690586ba6cd33acba83","attempt":"0","action":"update"} []
[2020-08-29 10:44:32] BigCommerce.DEBUG: Product imported successfully {"product_id":215,"channel":2} []
[2020-08-29 10:44:32] BigCommerce.DEBUG: Handling record from import queue {"record_id":"4204","name":"f2992d8ad2ab4b8b496f030a2fd42e8a","attempt":"0","action":"update"} []
[2020-08-29 10:44:32] BigCommerce.DEBUG: Product imported successfully {"product_id":216,"channel":2} []
[2020-08-29 10:44:32] BigCommerce.DEBUG: Completed import batch {"count":5,"remaining":22} []
[2020-08-29 10:44:32] BigCommerce.INFO: Running import task {"state":"processing_queue","description":"Importing products"} []
[2020-08-29 10:44:32] BigCommerce.DEBUG: Handling record from import queue {"record_id":"4205","name":"a88bb0ae79ac40281436692107ff8248","attempt":"0","action":"update"} []
[2020-08-29 10:44:32] BigCommerce.DEBUG: Product imported successfully {"product_id":217,"channel":2} []
[2020-08-29 10:44:32] BigCommerce.DEBUG: Handling record from import queue {"record_id":"4206","name":"ee6b9ca3941ed34e86505424ef2c162c","attempt":"0","action":"update"} []
[2020-08-29 10:44:32] BigCommerce.DEBUG: Product imported successfully {"product_id":218,"channel":2} []
[2020-08-29 10:44:32] BigCommerce.DEBUG: Handling record from import queue {"record_id":"4207","name":"8be3e59614628d2cc5c8f40c401278c6","attempt":"0","action":"update"} []
[2020-08-29 10:44:32] BigCommerce.DEBUG: Product imported successfully {"product_id":219,"channel":2} []
[2020-08-29 10:44:32] BigCommerce.DEBUG: Handling record from import queue {"record_id":"4208","name":"a1db62690c7ece36ef51428cdaf95f28","attempt":"0","action":"update"} []
[2020-08-29 10:44:32] BigCommerce.DEBUG: Product imported successfully {"product_id":220,"channel":2} []
[2020-08-29 10:44:32] BigCommerce.DEBUG: Handling record from import queue {"record_id":"4209","name":"7740d349b2e4ac0a1388a3a7f4bb08da","attempt":"0","action":"update"} []
[2020-08-29 10:44:32] BigCommerce.DEBUG: Product imported successfully {"product_id":221,"channel":2} []
[2020-08-29 10:44:32] BigCommerce.DEBUG: Completed import batch {"count":5,"remaining":17} []
